<?xml version="1.0" encoding="UTF-8"?>
<!-- Generated by org.testng.reporters.JUnitReportReporter -->
<testsuite hostname="AmitPal" name="NewDemo.DemoJenkins" tests="1" failures="0" timestamp="19 Sep 2017 05:15:02 GMT" time="21.366" errors="0">
  <testcase name="jenkinsDemo" time="21.366" classname="NewDemo.DemoJenkins"/>
</testsuite> <!-- NewDemo.DemoJenkins -->
